Using pre-set license
Built from '2021.1/staging' branch; Version is '2021.1.7f1 (d91830b65d9b) revision 14227504'; Using compiler version '192528614'; Build Type 'Release'
OS: 'Windows 10 Home; OS build 19042.985; Version 2009; 64bit' Language: 'en' Physical Memory: 16182 MB
BatchMode: 1, IsHumanControllingUs: 0, StartBugReporterOnCrash: 0, Is64bit: 1, IsPro: 0

 COMMAND LINE ARGUMENTS:
C:\Program Files\Unity 2021.1.7f1\Editor\Unity.exe
-adb2
-batchMode
-noUpm
-name
AssetImportWorker1
-projectPath
C:/Users/Shiinx/Desktop/Game/Lab/Lab2
-logFile
Logs/AssetImportWorker1.log
-srvPort
55347
Successfully changed project path to: C:/Users/Shiinx/Desktop/Game/Lab/Lab2
C:/Users/Shiinx/Desktop/Game/Lab/Lab2
Using Asset Import Pipeline V2.
Refreshing native plugins compatible for Editor in 162.42 ms, found 2 plugins.
Preloading 0 native plugins for Editor in 0.00 ms.
Initialize engine version: 2021.1.7f1 (d91830b65d9b)
[Subsystems] Discovering subsystems at path C:/Program Files/Unity 2021.1.7f1/Editor/Data/Resources/UnitySubsystems
[Subsystems] Discovering subsystems at path C:/Users/Shiinx/Desktop/Game/Lab/Lab2/Assets
GfxDevice: creating device client; threaded=0; jobified=0
Direct3D:
    Version:  Direct3D 11.0 [level 11.1]
    Renderer: NVIDIA GeForce GTX 1650 with Max-Q Design (ID=0x1f91)
    Vendor:   NVIDIA
    VRAM:     3964 MB
    Driver:   27.21.14.6647
Shader 'Universal Render Pipeline/Particles/Lit': fallback shader 'Universal Render Pipeline/Particles/SimpleLit' not found
Initialize mono
Mono path[0] = 'C:/Program Files/Unity 2021.1.7f1/Editor/Data/Managed'
Mono path[1] = 'C:/Program Files/Unity 2021.1.7f1/Editor/Data/MonoBleedingEdge/lib/mono/unityjit'
Mono config path = 'C:/Program Files/Unity 2021.1.7f1/Editor/Data/MonoBleedingEdge/etc'
Using monoOptions --debugger-agent=transport=dt_socket,embedding=1,server=y,suspend=n,address=127.0.0.1:56752
Begin MonoManager ReloadAssembly
Registering precompiled unity dll's ...
Register platform support module: C:/Program Files/Unity 2021.1.7f1/Editor/Data/PlaybackEngines/WindowsStandaloneSupport/UnityEditor.WindowsStandalone.Extensions.dll
Registered in 0.002001 seconds.
Native extension for WindowsStandalone target not found
Refreshing native plugins compatible for Editor in 155.52 ms, found 2 plugins.
Preloading 0 native plugins for Editor in 0.00 ms.
Mono: successfully reloaded assembly
- Completed reload, in  1.388 seconds
Platform modules already initialized, skipping
Registering precompiled user dll's ...
Registered in 0.003475 seconds.
Begin MonoManager ReloadAssembly
Symbol file LoadedFromMemory doesn't match image C:\Users\Shiinx\Desktop\Game\Lab\Lab2\Library\PackageCache\com.unity.visualscripting@1.6.1\Editor\VisualScripting.Core\Dependencies\YamlDotNet\Unity.VisualScripting.YamlDotNet.dll
Symbol file LoadedFromMemory doesn't match image C:\Users\Shiinx\Desktop\Game\Lab\Lab2\Library\PackageCache\com.unity.visualscripting@1.6.1\Editor\VisualScripting.Core\Dependencies\DotNetZip\Unity.VisualScripting.IonicZip.dll
Native extension for WindowsStandalone target not found
Refreshing native plugins compatible for Editor in 126.99 ms, found 2 plugins.
Preloading 0 native plugins for Editor in 0.00 ms.
Mono: successfully reloaded assembly
- Completed reload, in  1.380 seconds
Platform modules already initialized, skipping
========================================================================
Worker process is ready to serve import requests
Shader 'Universal Render Pipeline/Particles/Lit': fallback shader 'Universal Render Pipeline/Particles/SimpleLit' not found
Launched and connected shader compiler UnityShaderCompiler.exe after 0.10 seconds
Refreshing native plugins compatible for Editor in 1.28 ms, found 2 plugins.
Preloading 0 native plugins for Editor in 0.00 ms.
Unloading 4536 Unused Serialized files (Serialized files now loaded: 0)
System memory in use before: 176.8 MB.
System memory in use after: 176.9 MB.

Unloading 28 unused Assets to reduce memory usage. Loaded Objects now: 4996.
Total: 3.855900 ms (FindLiveObjects: 0.470500 ms CreateObjectMapping: 0.385000 ms MarkObjects: 2.843900 ms  DeleteObjects: 0.154800 ms)

========================================================================
Received Import Request.
  path: Assets/Scripts/ParallaxScroller.cs
  artifactKey: Guid(b5bac17f8ea7c704b8561e07855c1ef7) Importer(815301076,1909f56bfc062723c751e8b465ee728b)
Start importing Assets/Scripts/ParallaxScroller.cs using Guid(b5bac17f8ea7c704b8561e07855c1ef7) Importer(815301076,1909f56bfc062723c751e8b465ee728b)  -> (artifact id: '00000000000000000000000000000000') in 0.016632 seconds  code(4) message(Build asset version error: assets/scripts/parallaxscroller.cs in SourceAssetDB has modification time of '2021-06-03T18:48:57.264703Z' while content on disk has modification time of '2021-06-03T18:49:48.0187953Z')
  ERROR: Build asset version error: assets/scripts/parallaxscroller.cs in SourceAssetDB has modification time of '2021-06-03T18:48:57.264703Z' while content on disk has modification time of '2021-06-03T18:49:48.0187953Z'
========================================================================
Received Prepare
Registering precompiled user dll's ...
Registered in 0.002268 seconds.
Begin MonoManager ReloadAssembly
Symbol file LoadedFromMemory doesn't match image C:\Users\Shiinx\Desktop\Game\Lab\Lab2\Library\PackageCache\com.unity.visualscripting@1.6.1\Editor\VisualScripting.Core\Dependencies\YamlDotNet\Unity.VisualScripting.YamlDotNet.dll
Symbol file LoadedFromMemory doesn't match image C:\Users\Shiinx\Desktop\Game\Lab\Lab2\Library\PackageCache\com.unity.visualscripting@1.6.1\Editor\VisualScripting.Core\Dependencies\DotNetZip\Unity.VisualScripting.IonicZip.dll
Native extension for WindowsStandalone target not found
Refreshing native plugins compatible for Editor in 1.44 ms, found 2 plugins.
Preloading 0 native plugins for Editor in 0.00 ms.
Mono: successfully reloaded assembly
- Completed reload, in  0.903 seconds
Platform modules already initialized, skipping
Shader 'Universal Render Pipeline/Particles/Lit': fallback shader 'Universal Render Pipeline/Particles/SimpleLit' not found
Refreshing native plugins compatible for Editor in 0.88 ms, found 2 plugins.
Preloading 0 native plugins for Editor in 0.00 ms.
Unloading 4426 Unused Serialized files (Serialized files now loaded: 0)
System memory in use before: 169.7 MB.
System memory in use after: 169.9 MB.

Unloading 16 unused Assets to reduce memory usage. Loaded Objects now: 5000.
Total: 3.317700 ms (FindLiveObjects: 0.491400 ms CreateObjectMapping: 0.368800 ms MarkObjects: 2.331600 ms  DeleteObjects: 0.124800 ms)

========================================================================
Received Import Request.
  Time since last request: 194.125000 seconds.
  path: Assets/Prefabs/ParallaxBG.prefab
  artifactKey: Guid(6da574af81af9db4a8eb2fa6a59dd5b3) Importer(815301076,1909f56bfc062723c751e8b465ee728b)
Start importing Assets/Prefabs/ParallaxBG.prefab using Guid(6da574af81af9db4a8eb2fa6a59dd5b3) Importer(815301076,1909f56bfc062723c751e8b465ee728b)  -> (artifact id: 'd6d15dca78f19fff2610233e20c9fac0') in 0.259407 seconds 
========================================================================
Received Import Request.
  Time since last request: 1.100468 seconds.
  path: Assets/Prefabs/ParallaxCameras.prefab
  artifactKey: Guid(a0b3a8a43aca96548b00f30818c3ea47) Importer(815301076,1909f56bfc062723c751e8b465ee728b)
Start importing Assets/Prefabs/ParallaxCameras.prefab using Guid(a0b3a8a43aca96548b00f30818c3ea47) Importer(815301076,1909f56bfc062723c751e8b465ee728b)  -> (artifact id: '5d30a436cef18986fe97d8a4e3c861f4') in 0.010788 seconds 
========================================================================
Received Import Request.
  Time since last request: 4.704106 seconds.
  path: Assets/Scenes/Level2.unity
  artifactKey: Guid(e8a9f189e1ba3df43b6f55274665e5e4) Importer(815301076,1909f56bfc062723c751e8b465ee728b)
Start importing Assets/Scenes/Level2.unity using Guid(e8a9f189e1ba3df43b6f55274665e5e4) Importer(815301076,1909f56bfc062723c751e8b465ee728b)  -> (artifact id: '043fc1fb16621aa0a1e356d7c5058cda') in 0.008793 seconds 
========================================================================
Received Prepare
Registering precompiled user dll's ...
Registered in 0.002452 seconds.
Begin MonoManager ReloadAssembly
Symbol file LoadedFromMemory doesn't match image C:\Users\Shiinx\Desktop\Game\Lab\Lab2\Library\PackageCache\com.unity.visualscripting@1.6.1\Editor\VisualScripting.Core\Dependencies\YamlDotNet\Unity.VisualScripting.YamlDotNet.dll
Symbol file LoadedFromMemory doesn't match image C:\Users\Shiinx\Desktop\Game\Lab\Lab2\Library\PackageCache\com.unity.visualscripting@1.6.1\Editor\VisualScripting.Core\Dependencies\DotNetZip\Unity.VisualScripting.IonicZip.dll
Native extension for WindowsStandalone target not found
Refreshing native plugins compatible for Editor in 0.87 ms, found 2 plugins.
Preloading 0 native plugins for Editor in 0.00 ms.
Mono: successfully reloaded assembly
- Completed reload, in  1.129 seconds
Platform modules already initialized, skipping
Shader 'Universal Render Pipeline/Particles/Lit': fallback shader 'Universal Render Pipeline/Particles/SimpleLit' not found
Refreshing native plugins compatible for Editor in 0.84 ms, found 2 plugins.
Preloading 0 native plugins for Editor in 0.00 ms.
Unloading 4426 Unused Serialized files (Serialized files now loaded: 0)
System memory in use before: 176.2 MB.
System memory in use after: 176.3 MB.

Unloading 16 unused Assets to reduce memory usage. Loaded Objects now: 5052.
Total: 3.669100 ms (FindLiveObjects: 0.541500 ms CreateObjectMapping: 0.318000 ms MarkObjects: 2.646000 ms  DeleteObjects: 0.162200 ms)

========================================================================
Received Prepare
Registering precompiled user dll's ...
Registered in 0.002406 seconds.
Begin MonoManager ReloadAssembly
Symbol file LoadedFromMemory doesn't match image C:\Users\Shiinx\Desktop\Game\Lab\Lab2\Library\PackageCache\com.unity.visualscripting@1.6.1\Editor\VisualScripting.Core\Dependencies\YamlDotNet\Unity.VisualScripting.YamlDotNet.dll
Symbol file LoadedFromMemory doesn't match image C:\Users\Shiinx\Desktop\Game\Lab\Lab2\Library\PackageCache\com.unity.visualscripting@1.6.1\Editor\VisualScripting.Core\Dependencies\DotNetZip\Unity.VisualScripting.IonicZip.dll
Native extension for WindowsStandalone target not found
Refreshing native plugins compatible for Editor in 1.38 ms, found 2 plugins.
Preloading 0 native plugins for Editor in 0.00 ms.
Mono: successfully reloaded assembly
- Completed reload, in  1.099 seconds
Platform modules already initialized, skipping
Shader 'Universal Render Pipeline/Particles/Lit': fallback shader 'Universal Render Pipeline/Particles/SimpleLit' not found
Refreshing native plugins compatible for Editor in 1.15 ms, found 2 plugins.
Preloading 0 native plugins for Editor in 0.00 ms.
Unloading 4426 Unused Serialized files (Serialized files now loaded: 0)
System memory in use before: 176.2 MB.
System memory in use after: 176.3 MB.

Unloading 16 unused Assets to reduce memory usage. Loaded Objects now: 5056.
Total: 3.373000 ms (FindLiveObjects: 0.501100 ms CreateObjectMapping: 0.277100 ms MarkObjects: 2.459800 ms  DeleteObjects: 0.134200 ms)

========================================================================
Received Import Request.
  Time since last request: 179.481376 seconds.
  path: Assets/Scenes/Test.unity
  artifactKey: Guid(4c9499718b2b3024187f79c5850b0e0d) Importer(815301076,1909f56bfc062723c751e8b465ee728b)
Start importing Assets/Scenes/Test.unity using Guid(4c9499718b2b3024187f79c5850b0e0d) Importer(815301076,1909f56bfc062723c751e8b465ee728b)  -> (artifact id: '6747e5ab7a196063bb7675af2b446285') in 0.032505 seconds 
========================================================================
Received Prepare
Registering precompiled user dll's ...
Registered in 0.002246 seconds.
Begin MonoManager ReloadAssembly
Symbol file LoadedFromMemory doesn't match image C:\Users\Shiinx\Desktop\Game\Lab\Lab2\Library\PackageCache\com.unity.visualscripting@1.6.1\Editor\VisualScripting.Core\Dependencies\YamlDotNet\Unity.VisualScripting.YamlDotNet.dll
Symbol file LoadedFromMemory doesn't match image C:\Users\Shiinx\Desktop\Game\Lab\Lab2\Library\PackageCache\com.unity.visualscripting@1.6.1\Editor\VisualScripting.Core\Dependencies\DotNetZip\Unity.VisualScripting.IonicZip.dll
Native extension for WindowsStandalone target not found
Refreshing native plugins compatible for Editor in 0.80 ms, found 2 plugins.
Preloading 0 native plugins for Editor in 0.00 ms.
Mono: successfully reloaded assembly
- Completed reload, in  0.943 seconds
Platform modules already initialized, skipping
Shader 'Universal Render Pipeline/Particles/Lit': fallback shader 'Universal Render Pipeline/Particles/SimpleLit' not found
Refreshing native plugins compatible for Editor in 0.84 ms, found 2 plugins.
Preloading 0 native plugins for Editor in 0.00 ms.
Unloading 4426 Unused Serialized files (Serialized files now loaded: 0)
System memory in use before: 176.2 MB.
System memory in use after: 176.3 MB.

Unloading 16 unused Assets to reduce memory usage. Loaded Objects now: 5060.
Total: 3.266400 ms (FindLiveObjects: 0.438000 ms CreateObjectMapping: 0.254000 ms MarkObjects: 2.387400 ms  DeleteObjects: 0.186000 ms)

========================================================================
Received Import Request.
  Time since last request: 226.843062 seconds.
  path: Assets/Scenes/Level2.unity
  artifactKey: Guid(e8a9f189e1ba3df43b6f55274665e5e4) Importer(815301076,1909f56bfc062723c751e8b465ee728b)
Start importing Assets/Scenes/Level2.unity using Guid(e8a9f189e1ba3df43b6f55274665e5e4) Importer(815301076,1909f56bfc062723c751e8b465ee728b)  -> (artifact id: '727ea220daaa827605bc588841d9c6e3') in 0.026054 seconds 
========================================================================
Received Prepare
Registering precompiled user dll's ...
Registered in 0.003110 seconds.
Begin MonoManager ReloadAssembly
Symbol file LoadedFromMemory doesn't match image C:\Users\Shiinx\Desktop\Game\Lab\Lab2\Library\PackageCache\com.unity.visualscripting@1.6.1\Editor\VisualScripting.Core\Dependencies\YamlDotNet\Unity.VisualScripting.YamlDotNet.dll
Symbol file LoadedFromMemory doesn't match image C:\Users\Shiinx\Desktop\Game\Lab\Lab2\Library\PackageCache\com.unity.visualscripting@1.6.1\Editor\VisualScripting.Core\Dependencies\DotNetZip\Unity.VisualScripting.IonicZip.dll
Native extension for WindowsStandalone target not found
Refreshing native plugins compatible for Editor in 0.75 ms, found 2 plugins.
Preloading 0 native plugins for Editor in 0.00 ms.
Mono: successfully reloaded assembly
- Completed reload, in  1.014 seconds
Platform modules already initialized, skipping
Shader 'Universal Render Pipeline/Particles/Lit': fallback shader 'Universal Render Pipeline/Particles/SimpleLit' not found
Refreshing native plugins compatible for Editor in 0.96 ms, found 2 plugins.
Preloading 0 native plugins for Editor in 0.00 ms.
Unloading 4426 Unused Serialized files (Serialized files now loaded: 0)
System memory in use before: 176.2 MB.
System memory in use after: 176.3 MB.

Unloading 16 unused Assets to reduce memory usage. Loaded Objects now: 5064.
Total: 3.533400 ms (FindLiveObjects: 0.439800 ms CreateObjectMapping: 0.333200 ms MarkObjects: 2.649300 ms  DeleteObjects: 0.110100 ms)

========================================================================
Received Prepare
Registering precompiled user dll's ...
Registered in 0.002495 seconds.
Begin MonoManager ReloadAssembly
Symbol file LoadedFromMemory doesn't match image C:\Users\Shiinx\Desktop\Game\Lab\Lab2\Library\PackageCache\com.unity.visualscripting@1.6.1\Editor\VisualScripting.Core\Dependencies\YamlDotNet\Unity.VisualScripting.YamlDotNet.dll
Symbol file LoadedFromMemory doesn't match image C:\Users\Shiinx\Desktop\Game\Lab\Lab2\Library\PackageCache\com.unity.visualscripting@1.6.1\Editor\VisualScripting.Core\Dependencies\DotNetZip\Unity.VisualScripting.IonicZip.dll
Native extension for WindowsStandalone target not found
Refreshing native plugins compatible for Editor in 0.81 ms, found 2 plugins.
Preloading 0 native plugins for Editor in 0.00 ms.
Mono: successfully reloaded assembly
- Completed reload, in  1.034 seconds
Platform modules already initialized, skipping
Shader 'Universal Render Pipeline/Particles/Lit': fallback shader 'Universal Render Pipeline/Particles/SimpleLit' not found
Refreshing native plugins compatible for Editor in 0.88 ms, found 2 plugins.
Preloading 0 native plugins for Editor in 0.00 ms.
Unloading 4426 Unused Serialized files (Serialized files now loaded: 0)
System memory in use before: 176.2 MB.
System memory in use after: 176.3 MB.

Unloading 16 unused Assets to reduce memory usage. Loaded Objects now: 5068.
Total: 4.035300 ms (FindLiveObjects: 0.580100 ms CreateObjectMapping: 0.424100 ms MarkObjects: 2.896000 ms  DeleteObjects: 0.133400 ms)

========================================================================
Received Prepare
Registering precompiled user dll's ...
Registered in 0.002327 seconds.
Begin MonoManager ReloadAssembly
Symbol file LoadedFromMemory doesn't match image C:\Users\Shiinx\Desktop\Game\Lab\Lab2\Library\PackageCache\com.unity.visualscripting@1.6.1\Editor\VisualScripting.Core\Dependencies\YamlDotNet\Unity.VisualScripting.YamlDotNet.dll
Symbol file LoadedFromMemory doesn't match image C:\Users\Shiinx\Desktop\Game\Lab\Lab2\Library\PackageCache\com.unity.visualscripting@1.6.1\Editor\VisualScripting.Core\Dependencies\DotNetZip\Unity.VisualScripting.IonicZip.dll
Native extension for WindowsStandalone target not found
Refreshing native plugins compatible for Editor in 0.76 ms, found 2 plugins.
Preloading 0 native plugins for Editor in 0.00 ms.
Mono: successfully reloaded assembly
- Completed reload, in  1.006 seconds
Platform modules already initialized, skipping
Shader 'Universal Render Pipeline/Particles/Lit': fallback shader 'Universal Render Pipeline/Particles/SimpleLit' not found
Refreshing native plugins compatible for Editor in 0.95 ms, found 2 plugins.
Preloading 0 native plugins for Editor in 0.00 ms.
Unloading 4426 Unused Serialized files (Serialized files now loaded: 0)
System memory in use before: 176.2 MB.
System memory in use after: 176.3 MB.

Unloading 16 unused Assets to reduce memory usage. Loaded Objects now: 5072.
Total: 4.048100 ms (FindLiveObjects: 0.586700 ms CreateObjectMapping: 0.717600 ms MarkObjects: 2.616200 ms  DeleteObjects: 0.126100 ms)

========================================================================
Received Prepare
Registering precompiled user dll's ...
Registered in 0.002151 seconds.
Begin MonoManager ReloadAssembly
Symbol file LoadedFromMemory doesn't match image C:\Users\Shiinx\Desktop\Game\Lab\Lab2\Library\PackageCache\com.unity.visualscripting@1.6.1\Editor\VisualScripting.Core\Dependencies\YamlDotNet\Unity.VisualScripting.YamlDotNet.dll
Symbol file LoadedFromMemory doesn't match image C:\Users\Shiinx\Desktop\Game\Lab\Lab2\Library\PackageCache\com.unity.visualscripting@1.6.1\Editor\VisualScripting.Core\Dependencies\DotNetZip\Unity.VisualScripting.IonicZip.dll
Native extension for WindowsStandalone target not found
Refreshing native plugins compatible for Editor in 0.79 ms, found 2 plugins.
Preloading 0 native plugins for Editor in 0.00 ms.
Mono: successfully reloaded assembly
- Completed reload, in  1.043 seconds
Platform modules already initialized, skipping
Shader 'Universal Render Pipeline/Particles/Lit': fallback shader 'Universal Render Pipeline/Particles/SimpleLit' not found
Refreshing native plugins compatible for Editor in 0.83 ms, found 2 plugins.
Preloading 0 native plugins for Editor in 0.00 ms.
Unloading 4426 Unused Serialized files (Serialized files now loaded: 0)
System memory in use before: 176.2 MB.
System memory in use after: 176.3 MB.

Unloading 16 unused Assets to reduce memory usage. Loaded Objects now: 5076.
Total: 3.357200 ms (FindLiveObjects: 0.535100 ms CreateObjectMapping: 0.242800 ms MarkObjects: 2.453100 ms  DeleteObjects: 0.125500 ms)

========================================================================
Received Prepare
Registering precompiled user dll's ...
Registered in 0.002349 seconds.
Begin MonoManager ReloadAssembly
Symbol file LoadedFromMemory doesn't match image C:\Users\Shiinx\Desktop\Game\Lab\Lab2\Library\PackageCache\com.unity.visualscripting@1.6.1\Editor\VisualScripting.Core\Dependencies\YamlDotNet\Unity.VisualScripting.YamlDotNet.dll
Symbol file LoadedFromMemory doesn't match image C:\Users\Shiinx\Desktop\Game\Lab\Lab2\Library\PackageCache\com.unity.visualscripting@1.6.1\Editor\VisualScripting.Core\Dependencies\DotNetZip\Unity.VisualScripting.IonicZip.dll
Native extension for WindowsStandalone target not found
Refreshing native plugins compatible for Editor in 0.84 ms, found 2 plugins.
Preloading 0 native plugins for Editor in 0.00 ms.
Mono: successfully reloaded assembly
- Completed reload, in  1.022 seconds
Platform modules already initialized, skipping
Shader 'Universal Render Pipeline/Particles/Lit': fallback shader 'Universal Render Pipeline/Particles/SimpleLit' not found
Refreshing native plugins compatible for Editor in 0.86 ms, found 2 plugins.
Preloading 0 native plugins for Editor in 0.00 ms.
Unloading 4426 Unused Serialized files (Serialized files now loaded: 0)
System memory in use before: 176.2 MB.
System memory in use after: 176.4 MB.

Unloading 16 unused Assets to reduce memory usage. Loaded Objects now: 5080.
Total: 4.212000 ms (FindLiveObjects: 0.513400 ms CreateObjectMapping: 0.308800 ms MarkObjects: 3.234000 ms  DeleteObjects: 0.154500 ms)

========================================================================
Received Prepare
Registering precompiled user dll's ...
Registered in 0.003220 seconds.
Begin MonoManager ReloadAssembly
Symbol file LoadedFromMemory doesn't match image C:\Users\Shiinx\Desktop\Game\Lab\Lab2\Library\PackageCache\com.unity.visualscripting@1.6.1\Editor\VisualScripting.Core\Dependencies\YamlDotNet\Unity.VisualScripting.YamlDotNet.dll
Symbol file LoadedFromMemory doesn't match image C:\Users\Shiinx\Desktop\Game\Lab\Lab2\Library\PackageCache\com.unity.visualscripting@1.6.1\Editor\VisualScripting.Core\Dependencies\DotNetZip\Unity.VisualScripting.IonicZip.dll
Native extension for WindowsStandalone target not found
Refreshing native plugins compatible for Editor in 1.20 ms, found 2 plugins.
Preloading 0 native plugins for Editor in 0.00 ms.
Mono: successfully reloaded assembly
- Completed reload, in  0.957 seconds
Platform modules already initialized, skipping
Shader 'Universal Render Pipeline/Particles/Lit': fallback shader 'Universal Render Pipeline/Particles/SimpleLit' not found
Refreshing native plugins compatible for Editor in 0.83 ms, found 2 plugins.
Preloading 0 native plugins for Editor in 0.00 ms.
Unloading 4426 Unused Serialized files (Serialized files now loaded: 0)
System memory in use before: 176.2 MB.
System memory in use after: 176.4 MB.

Unloading 16 unused Assets to reduce memory usage. Loaded Objects now: 5084.
Total: 3.849500 ms (FindLiveObjects: 0.661800 ms CreateObjectMapping: 0.348000 ms MarkObjects: 2.725100 ms  DeleteObjects: 0.113400 ms)

========================================================================
Received Import Request.
  Time since last request: 628.150785 seconds.
  path: Assets/Materials/NoFriction.physicsMaterial2D
  artifactKey: Guid(3aac135e2b3d7d84da266d52aa2e26f0) Importer(815301076,1909f56bfc062723c751e8b465ee728b)
Start importing Assets/Materials/NoFriction.physicsMaterial2D using Guid(3aac135e2b3d7d84da266d52aa2e26f0) Importer(815301076,1909f56bfc062723c751e8b465ee728b)  -> (artifact id: '0dd6be7d2b0c45f7aa1166501d78b64e') in 0.030826 seconds 
========================================================================
Received Import Request.
  Time since last request: 83.142462 seconds.
  path: Assets/Scenes/Level2.unity
  artifactKey: Guid(e8a9f189e1ba3df43b6f55274665e5e4) Importer(815301076,1909f56bfc062723c751e8b465ee728b)
Start importing Assets/Scenes/Level2.unity using Guid(e8a9f189e1ba3df43b6f55274665e5e4) Importer(815301076,1909f56bfc062723c751e8b465ee728b)  -> (artifact id: 'c132e6749dfa44138f9014e4b6d21749') in 0.003468 seconds 
========================================================================
Received Prepare
Registering precompiled user dll's ...
Registered in 0.002344 seconds.
Begin MonoManager ReloadAssembly
Symbol file LoadedFromMemory doesn't match image C:\Users\Shiinx\Desktop\Game\Lab\Lab2\Library\PackageCache\com.unity.visualscripting@1.6.1\Editor\VisualScripting.Core\Dependencies\YamlDotNet\Unity.VisualScripting.YamlDotNet.dll
Symbol file LoadedFromMemory doesn't match image C:\Users\Shiinx\Desktop\Game\Lab\Lab2\Library\PackageCache\com.unity.visualscripting@1.6.1\Editor\VisualScripting.Core\Dependencies\DotNetZip\Unity.VisualScripting.IonicZip.dll
Native extension for WindowsStandalone target not found
Refreshing native plugins compatible for Editor in 0.96 ms, found 2 plugins.
Preloading 0 native plugins for Editor in 0.00 ms.
Mono: successfully reloaded assembly
- Completed reload, in  1.029 seconds
Platform modules already initialized, skipping
Shader 'Universal Render Pipeline/Particles/Lit': fallback shader 'Universal Render Pipeline/Particles/SimpleLit' not found
Refreshing native plugins compatible for Editor in 0.86 ms, found 2 plugins.
Preloading 0 native plugins for Editor in 0.00 ms.
Unloading 4426 Unused Serialized files (Serialized files now loaded: 0)
System memory in use before: 176.3 MB.
System memory in use after: 176.4 MB.

Unloading 16 unused Assets to reduce memory usage. Loaded Objects now: 5088.
Total: 3.462300 ms (FindLiveObjects: 0.436700 ms CreateObjectMapping: 0.372800 ms MarkObjects: 2.510700 ms  DeleteObjects: 0.141200 ms)

========================================================================
Received Prepare
Registering precompiled user dll's ...
Registered in 0.002380 seconds.
Begin MonoManager ReloadAssembly
Symbol file LoadedFromMemory doesn't match image C:\Users\Shiinx\Desktop\Game\Lab\Lab2\Library\PackageCache\com.unity.visualscripting@1.6.1\Editor\VisualScripting.Core\Dependencies\YamlDotNet\Unity.VisualScripting.YamlDotNet.dll
Symbol file LoadedFromMemory doesn't match image C:\Users\Shiinx\Desktop\Game\Lab\Lab2\Library\PackageCache\com.unity.visualscripting@1.6.1\Editor\VisualScripting.Core\Dependencies\DotNetZip\Unity.VisualScripting.IonicZip.dll
Native extension for WindowsStandalone target not found
Refreshing native plugins compatible for Editor in 0.79 ms, found 2 plugins.
Preloading 0 native plugins for Editor in 0.00 ms.
Mono: successfully reloaded assembly
- Completed reload, in  1.060 seconds
Platform modules already initialized, skipping
Shader 'Universal Render Pipeline/Particles/Lit': fallback shader 'Universal Render Pipeline/Particles/SimpleLit' not found
Refreshing native plugins compatible for Editor in 0.84 ms, found 2 plugins.
Preloading 0 native plugins for Editor in 0.00 ms.
Unloading 4426 Unused Serialized files (Serialized files now loaded: 0)
System memory in use before: 176.3 MB.
System memory in use after: 176.4 MB.

Unloading 16 unused Assets to reduce memory usage. Loaded Objects now: 5092.
Total: 4.275400 ms (FindLiveObjects: 0.527000 ms CreateObjectMapping: 0.334400 ms MarkObjects: 3.278500 ms  DeleteObjects: 0.133600 ms)

========================================================================
Received Prepare
Registering precompiled user dll's ...
Registered in 0.002491 seconds.
Begin MonoManager ReloadAssembly
Symbol file LoadedFromMemory doesn't match image C:\Users\Shiinx\Desktop\Game\Lab\Lab2\Library\PackageCache\com.unity.visualscripting@1.6.1\Editor\VisualScripting.Core\Dependencies\YamlDotNet\Unity.VisualScripting.YamlDotNet.dll
Symbol file LoadedFromMemory doesn't match image C:\Users\Shiinx\Desktop\Game\Lab\Lab2\Library\PackageCache\com.unity.visualscripting@1.6.1\Editor\VisualScripting.Core\Dependencies\DotNetZip\Unity.VisualScripting.IonicZip.dll
Native extension for WindowsStandalone target not found
Refreshing native plugins compatible for Editor in 0.77 ms, found 2 plugins.
Preloading 0 native plugins for Editor in 0.00 ms.
Mono: successfully reloaded assembly
- Completed reload, in  1.024 seconds
Platform modules already initialized, skipping
Shader 'Universal Render Pipeline/Particles/Lit': fallback shader 'Universal Render Pipeline/Particles/SimpleLit' not found
Refreshing native plugins compatible for Editor in 0.84 ms, found 2 plugins.
Preloading 0 native plugins for Editor in 0.00 ms.
Unloading 4426 Unused Serialized files (Serialized files now loaded: 0)
System memory in use before: 176.3 MB.
System memory in use after: 176.4 MB.

Unloading 16 unused Assets to reduce memory usage. Loaded Objects now: 5096.
Total: 3.325800 ms (FindLiveObjects: 0.485600 ms CreateObjectMapping: 0.407100 ms MarkObjects: 2.306200 ms  DeleteObjects: 0.125800 ms)

========================================================================
Received Prepare
Registering precompiled user dll's ...
Registered in 0.002460 seconds.
Begin MonoManager ReloadAssembly
Symbol file LoadedFromMemory doesn't match image C:\Users\Shiinx\Desktop\Game\Lab\Lab2\Library\PackageCache\com.unity.visualscripting@1.6.1\Editor\VisualScripting.Core\Dependencies\YamlDotNet\Unity.VisualScripting.YamlDotNet.dll
Symbol file LoadedFromMemory doesn't match image C:\Users\Shiinx\Desktop\Game\Lab\Lab2\Library\PackageCache\com.unity.visualscripting@1.6.1\Editor\VisualScripting.Core\Dependencies\DotNetZip\Unity.VisualScripting.IonicZip.dll
Native extension for WindowsStandalone target not found
Refreshing native plugins compatible for Editor in 0.85 ms, found 2 plugins.
Preloading 0 native plugins for Editor in 0.00 ms.
Mono: successfully reloaded assembly
- Completed reload, in  0.996 seconds
Platform modules already initialized, skipping
Shader 'Universal Render Pipeline/Particles/Lit': fallback shader 'Universal Render Pipeline/Particles/SimpleLit' not found
Refreshing native plugins compatible for Editor in 0.94 ms, found 2 plugins.
Preloading 0 native plugins for Editor in 0.00 ms.
Unloading 4426 Unused Serialized files (Serialized files now loaded: 0)
System memory in use before: 176.3 MB.
System memory in use after: 176.4 MB.

Unloading 16 unused Assets to reduce memory usage. Loaded Objects now: 5100.
Total: 3.605600 ms (FindLiveObjects: 0.519400 ms CreateObjectMapping: 0.397800 ms MarkObjects: 2.540300 ms  DeleteObjects: 0.147100 ms)

========================================================================
Received Import Request.
  Time since last request: 176.549008 seconds.
  path: Assets/Scenes/Test.unity
  artifactKey: Guid(4c9499718b2b3024187f79c5850b0e0d) Importer(815301076,1909f56bfc062723c751e8b465ee728b)
Start importing Assets/Scenes/Test.unity using Guid(4c9499718b2b3024187f79c5850b0e0d) Importer(815301076,1909f56bfc062723c751e8b465ee728b)  -> (artifact id: 'a5399aa033a199b2b85b93970e8d3008') in 0.016320 seconds 
========================================================================
Received Prepare
Registering precompiled user dll's ...
Registered in 0.002647 seconds.
Begin MonoManager ReloadAssembly
Symbol file LoadedFromMemory doesn't match image C:\Users\Shiinx\Desktop\Game\Lab\Lab2\Library\PackageCache\com.unity.visualscripting@1.6.1\Editor\VisualScripting.Core\Dependencies\YamlDotNet\Unity.VisualScripting.YamlDotNet.dll
Symbol file LoadedFromMemory doesn't match image C:\Users\Shiinx\Desktop\Game\Lab\Lab2\Library\PackageCache\com.unity.visualscripting@1.6.1\Editor\VisualScripting.Core\Dependencies\DotNetZip\Unity.VisualScripting.IonicZip.dll
Native extension for WindowsStandalone target not found
Refreshing native plugins compatible for Editor in 0.79 ms, found 2 plugins.
Preloading 0 native plugins for Editor in 0.00 ms.
Mono: successfully reloaded assembly
- Completed reload, in  0.906 seconds
Platform modules already initialized, skipping
Shader 'Universal Render Pipeline/Particles/Lit': fallback shader 'Universal Render Pipeline/Particles/SimpleLit' not found
Refreshing native plugins compatible for Editor in 0.85 ms, found 2 plugins.
Preloading 0 native plugins for Editor in 0.00 ms.
Unloading 4426 Unused Serialized files (Serialized files now loaded: 0)
System memory in use before: 176.3 MB.
System memory in use after: 176.4 MB.

Unloading 16 unused Assets to reduce memory usage. Loaded Objects now: 5104.
Total: 3.427100 ms (FindLiveObjects: 0.627600 ms CreateObjectMapping: 0.234600 ms MarkObjects: 2.411100 ms  DeleteObjects: 0.152900 ms)

========================================================================
Received Import Request.
  Time since last request: 142.242437 seconds.
  path: Assets/Scenes/Level2.unity
  artifactKey: Guid(e8a9f189e1ba3df43b6f55274665e5e4) Importer(815301076,1909f56bfc062723c751e8b465ee728b)
Start importing Assets/Scenes/Level2.unity using Guid(e8a9f189e1ba3df43b6f55274665e5e4) Importer(815301076,1909f56bfc062723c751e8b465ee728b)  -> (artifact id: '3018205a96198b41604f1cb66c8e4dc2') in 0.019731 seconds 
========================================================================
Received Import Request.
  Time since last request: 429.169936 seconds.
  path: Assets/parallax-industrial-pack/Sprites
  artifactKey: Guid(a2e79bd4f7980234c97f3605cdb429a6) Importer(815301076,1909f56bfc062723c751e8b465ee728b)
Start importing Assets/parallax-industrial-pack/Sprites using Guid(a2e79bd4f7980234c97f3605cdb429a6) Importer(815301076,1909f56bfc062723c751e8b465ee728b)  -> (artifact id: '60dfa0d1c2829914fc20ccd8c771d35b') in 0.008119 seconds 
========================================================================
Received Import Request.
  Time since last request: 33.807098 seconds.
  path: Assets/parallax-industrial-pack/Sprites/far-buildings.png
  artifactKey: Guid(d1fbd64a51fc1b7468599cf3c95a7576) Importer(815301076,1909f56bfc062723c751e8b465ee728b)
Start importing Assets/parallax-industrial-pack/Sprites/far-buildings.png using Guid(d1fbd64a51fc1b7468599cf3c95a7576) Importer(815301076,1909f56bfc062723c751e8b465ee728b)  -> (artifact id: 'a00a95b2b02e7a77073574f5058c88e4') in 0.080151 seconds 
========================================================================
Received Prepare
Registering precompiled user dll's ...
Registered in 0.002156 seconds.
Begin MonoManager ReloadAssembly
Symbol file LoadedFromMemory doesn't match image C:\Users\Shiinx\Desktop\Game\Lab\Lab2\Library\PackageCache\com.unity.visualscripting@1.6.1\Editor\VisualScripting.Core\Dependencies\YamlDotNet\Unity.VisualScripting.YamlDotNet.dll
Symbol file LoadedFromMemory doesn't match image C:\Users\Shiinx\Desktop\Game\Lab\Lab2\Library\PackageCache\com.unity.visualscripting@1.6.1\Editor\VisualScripting.Core\Dependencies\DotNetZip\Unity.VisualScripting.IonicZip.dll
Native extension for WindowsStandalone target not found
Refreshing native plugins compatible for Editor in 0.97 ms, found 2 plugins.
Preloading 0 native plugins for Editor in 0.00 ms.
Mono: successfully reloaded assembly
- Completed reload, in  0.954 seconds
Platform modules already initialized, skipping
Shader 'Universal Render Pipeline/Particles/Lit': fallback shader 'Universal Render Pipeline/Particles/SimpleLit' not found
Refreshing native plugins compatible for Editor in 0.83 ms, found 2 plugins.
Preloading 0 native plugins for Editor in 0.00 ms.
Unloading 4427 Unused Serialized files (Serialized files now loaded: 0)
System memory in use before: 176.9 MB.
System memory in use after: 177.0 MB.

Unloading 16 unused Assets to reduce memory usage. Loaded Objects now: 5127.
Total: 3.901700 ms (FindLiveObjects: 0.466600 ms CreateObjectMapping: 0.258100 ms MarkObjects: 3.039900 ms  DeleteObjects: 0.136100 ms)

========================================================================
Received Import Request.
  Time since last request: 44060.076318 seconds.
  path: Assets/parallax-industrial-pack/Sprites/skill-foreground.png
  artifactKey: Guid(376ff2a8bc28a8b42873f382b158265a) Importer(815301076,1909f56bfc062723c751e8b465ee728b)
Start importing Assets/parallax-industrial-pack/Sprites/skill-foreground.png using Guid(376ff2a8bc28a8b42873f382b158265a) Importer(815301076,1909f56bfc062723c751e8b465ee728b)  -> (artifact id: '9a1b133d6498df3d318e78260f2b42c6') in 0.110699 seconds 
========================================================================
Received Import Request.
  Time since last request: 34.069615 seconds.
  path: Assets/Scenes/Menu.unity
  artifactKey: Guid(33b3b09febf845246bf25fd19044b264) Importer(815301076,1909f56bfc062723c751e8b465ee728b)
Start importing Assets/Scenes/Menu.unity using Guid(33b3b09febf845246bf25fd19044b264) Importer(815301076,1909f56bfc062723c751e8b465ee728b)  -> (artifact id: 'c314552ace2ceca75287bd7301453a03') in 0.007681 seconds 
========================================================================
Received Import Request.
  Time since last request: 0.409889 seconds.
  path: Assets/Scenes/Test.unity
  artifactKey: Guid(4c9499718b2b3024187f79c5850b0e0d) Importer(815301076,1909f56bfc062723c751e8b465ee728b)
Start importing Assets/Scenes/Test.unity using Guid(4c9499718b2b3024187f79c5850b0e0d) Importer(815301076,1909f56bfc062723c751e8b465ee728b)  -> (artifact id: '02e57aa9afde8471ee9bb1a9df60f743') in 0.008583 seconds 
========================================================================
Received Import Request.
  Time since last request: 49.030617 seconds.
  path: Assets/parallax-industrial-pack/Sprites/bg.png
  artifactKey: Guid(ef4c3b35924ce3448b3d316a1fdfe688) Importer(815301076,1909f56bfc062723c751e8b465ee728b)
Start importing Assets/parallax-industrial-pack/Sprites/bg.png using Guid(ef4c3b35924ce3448b3d316a1fdfe688) Importer(815301076,1909f56bfc062723c751e8b465ee728b)  -> (artifact id: '1d0aa00530ccccf9c13d0a0a052fdac9') in 0.020032 seconds 
========================================================================
Received Import Request.
  Time since last request: 2.151216 seconds.
  path: Assets/parallax-industrial-pack/Sprites/buildings.png
  artifactKey: Guid(8c312deca0bc38843ac2aaade03b90de) Importer(815301076,1909f56bfc062723c751e8b465ee728b)
Start importing Assets/parallax-industrial-pack/Sprites/buildings.png using Guid(8c312deca0bc38843ac2aaade03b90de) Importer(815301076,1909f56bfc062723c751e8b465ee728b)  -> (artifact id: '7f56fb97ef30a98b62cefe8a7226287d') in 0.018877 seconds 
========================================================================
Received Import Request.
  Time since last request: 95.129674 seconds.
  path: Assets/parallax-industrial-pack/Sprites/skill-foreground.png
  artifactKey: Guid(376ff2a8bc28a8b42873f382b158265a) Importer(815301076,1909f56bfc062723c751e8b465ee728b)
Start importing Assets/parallax-industrial-pack/Sprites/skill-foreground.png using Guid(376ff2a8bc28a8b42873f382b158265a) Importer(815301076,1909f56bfc062723c751e8b465ee728b)  -> (artifact id: 'e95c5a591ca9141d35234615ff8c6220') in 0.021418 seconds 
========================================================================
Received Import Request.
  Time since last request: 6.115681 seconds.
  path: Assets/parallax-industrial-pack/Sprites/skill-foreground.png
  artifactKey: Guid(376ff2a8bc28a8b42873f382b158265a) Importer(815301076,1909f56bfc062723c751e8b465ee728b)
Start importing Assets/parallax-industrial-pack/Sprites/skill-foreground.png using Guid(376ff2a8bc28a8b42873f382b158265a) Importer(815301076,1909f56bfc062723c751e8b465ee728b)  -> (artifact id: 'd6b2e8fc258b479354e21f13e8916899') in 0.015741 seconds 
========================================================================
Received Import Request.
  Time since last request: 8.843162 seconds.
  path: Assets/parallax-industrial-pack/Sprites/skill-foreground.png
  artifactKey: Guid(376ff2a8bc28a8b42873f382b158265a) Importer(815301076,1909f56bfc062723c751e8b465ee728b)
Start importing Assets/parallax-industrial-pack/Sprites/skill-foreground.png using Guid(376ff2a8bc28a8b42873f382b158265a) Importer(815301076,1909f56bfc062723c751e8b465ee728b)  -> (artifact id: 'b08e575baa9a2ef23d938200a36bbf2d') in 0.017951 seconds 
========================================================================
Received Import Request.
  Time since last request: 8.677095 seconds.
  path: Assets/parallax-industrial-pack/Sprites/skill-foreground.png
  artifactKey: Guid(376ff2a8bc28a8b42873f382b158265a) Importer(815301076,1909f56bfc062723c751e8b465ee728b)
Start importing Assets/parallax-industrial-pack/Sprites/skill-foreground.png using Guid(376ff2a8bc28a8b42873f382b158265a) Importer(815301076,1909f56bfc062723c751e8b465ee728b)  -> (artifact id: 'a7ffda9f2c154daffebcfe87dfebac1c') in 0.016372 seconds 
========================================================================
Received Prepare
Registering precompiled user dll's ...
Registered in 0.002714 seconds.
Begin MonoManager ReloadAssembly
Symbol file LoadedFromMemory doesn't match image C:\Users\Shiinx\Desktop\Game\Lab\Lab2\Library\PackageCache\com.unity.visualscripting@1.6.1\Editor\VisualScripting.Core\Dependencies\YamlDotNet\Unity.VisualScripting.YamlDotNet.dll
Symbol file LoadedFromMemory doesn't match image C:\Users\Shiinx\Desktop\Game\Lab\Lab2\Library\PackageCache\com.unity.visualscripting@1.6.1\Editor\VisualScripting.Core\Dependencies\DotNetZip\Unity.VisualScripting.IonicZip.dll
Native extension for WindowsStandalone target not found
Refreshing native plugins compatible for Editor in 0.78 ms, found 2 plugins.
Preloading 0 native plugins for Editor in 0.00 ms.
Mono: successfully reloaded assembly
- Completed reload, in  1.115 seconds
Platform modules already initialized, skipping
Shader 'Universal Render Pipeline/Particles/Lit': fallback shader 'Universal Render Pipeline/Particles/SimpleLit' not found
Refreshing native plugins compatible for Editor in 0.87 ms, found 2 plugins.
Preloading 0 native plugins for Editor in 0.00 ms.
Unloading 4429 Unused Serialized files (Serialized files now loaded: 0)
System memory in use before: 180.0 MB.
System memory in use after: 180.1 MB.

Unloading 16 unused Assets to reduce memory usage. Loaded Objects now: 5239.
Total: 3.366400 ms (FindLiveObjects: 0.458300 ms CreateObjectMapping: 0.273600 ms MarkObjects: 2.511100 ms  DeleteObjects: 0.122500 ms)

========================================================================
Received Prepare
Registering precompiled user dll's ...
Registered in 0.002406 seconds.
Begin MonoManager ReloadAssembly
Symbol file LoadedFromMemory doesn't match image C:\Users\Shiinx\Desktop\Game\Lab\Lab2\Library\PackageCache\com.unity.visualscripting@1.6.1\Editor\VisualScripting.Core\Dependencies\YamlDotNet\Unity.VisualScripting.YamlDotNet.dll
Symbol file LoadedFromMemory doesn't match image C:\Users\Shiinx\Desktop\Game\Lab\Lab2\Library\PackageCache\com.unity.visualscripting@1.6.1\Editor\VisualScripting.Core\Dependencies\DotNetZip\Unity.VisualScripting.IonicZip.dll
Native extension for WindowsStandalone target not found
Refreshing native plugins compatible for Editor in 0.75 ms, found 2 plugins.
Preloading 0 native plugins for Editor in 0.00 ms.
Mono: successfully reloaded assembly
- Completed reload, in  1.001 seconds
Platform modules already initialized, skipping
Shader 'Universal Render Pipeline/Particles/Lit': fallback shader 'Universal Render Pipeline/Particles/SimpleLit' not found
Refreshing native plugins compatible for Editor in 0.83 ms, found 2 plugins.
Preloading 0 native plugins for Editor in 0.00 ms.
Unloading 4426 Unused Serialized files (Serialized files now loaded: 0)
System memory in use before: 179.9 MB.
System memory in use after: 180.0 MB.

Unloading 16 unused Assets to reduce memory usage. Loaded Objects now: 5243.
Total: 2.938800 ms (FindLiveObjects: 0.382600 ms CreateObjectMapping: 0.344200 ms MarkObjects: 2.066100 ms  DeleteObjects: 0.145200 ms)

========================================================================
Received Import Request.
  Time since last request: 193.699997 seconds.
  path: Assets/Scenes/Level2.unity
  artifactKey: Guid(e8a9f189e1ba3df43b6f55274665e5e4) Importer(815301076,1909f56bfc062723c751e8b465ee728b)
Start importing Assets/Scenes/Level2.unity using Guid(e8a9f189e1ba3df43b6f55274665e5e4) Importer(815301076,1909f56bfc062723c751e8b465ee728b)  -> (artifact id: 'a342d9b76a5de076c6f386cf4d0a2c85') in 0.028958 seconds 
========================================================================
Received Import Request.
  Time since last request: 445.966092 seconds.
  path: Assets/parallax-industrial-pack/Industrial Theme Music/industrial.wav
  artifactKey: Guid(504b52dad34a5044487c973498236e0b) Importer(815301076,1909f56bfc062723c751e8b465ee728b)
Start importing Assets/parallax-industrial-pack/Industrial Theme Music/industrial.wav using Guid(504b52dad34a5044487c973498236e0b) Importer(815301076,1909f56bfc062723c751e8b465ee728b)  -> (artifact id: '8acb9d9bccb7b9507f31ef4207fdbc05') in 0.057211 seconds 
========================================================================
Received Import Request.
  Time since last request: 9.998256 seconds.
  path: Assets/parallax-industrial-pack/Industrial Theme Music/industrial.ogg
  artifactKey: Guid(17a8766d2448a2d4591fddbf7c09e8d3) Importer(815301076,1909f56bfc062723c751e8b465ee728b)
Start importing Assets/parallax-industrial-pack/Industrial Theme Music/industrial.ogg using Guid(17a8766d2448a2d4591fddbf7c09e8d3) Importer(815301076,1909f56bfc062723c751e8b465ee728b)  -> (artifact id: '51c08be9b0ddbc7afca152d935fad551') in 0.022657 seconds 
========================================================================
Received Import Request.
  Time since last request: 0.537838 seconds.
  path: Assets/parallax-industrial-pack/Industrial Theme Music/industrial.mp3
  artifactKey: Guid(20a91428c566a7c4589272ccd1c2ec16) Importer(815301076,1909f56bfc062723c751e8b465ee728b)
Start importing Assets/parallax-industrial-pack/Industrial Theme Music/industrial.mp3 using Guid(20a91428c566a7c4589272ccd1c2ec16) Importer(815301076,1909f56bfc062723c751e8b465ee728b)  -> (artifact id: '9f750a29aff50991377cad783e234051') in 0.016059 seconds 
========================================================================
Received Prepare
Registering precompiled user dll's ...
Registered in 0.002723 seconds.
Begin MonoManager ReloadAssembly
Symbol file LoadedFromMemory doesn't match image C:\Users\Shiinx\Desktop\Game\Lab\Lab2\Library\PackageCache\com.unity.visualscripting@1.6.1\Editor\VisualScripting.Core\Dependencies\YamlDotNet\Unity.VisualScripting.YamlDotNet.dll
Symbol file LoadedFromMemory doesn't match image C:\Users\Shiinx\Desktop\Game\Lab\Lab2\Library\PackageCache\com.unity.visualscripting@1.6.1\Editor\VisualScripting.Core\Dependencies\DotNetZip\Unity.VisualScripting.IonicZip.dll
Native extension for WindowsStandalone target not found
Refreshing native plugins compatible for Editor in 0.80 ms, found 2 plugins.
Preloading 0 native plugins for Editor in 0.00 ms.
Mono: successfully reloaded assembly
- Completed reload, in  1.057 seconds
Platform modules already initialized, skipping
Shader 'Universal Render Pipeline/Particles/Lit': fallback shader 'Universal Render Pipeline/Particles/SimpleLit' not found
Refreshing native plugins compatible for Editor in 0.81 ms, found 2 plugins.
Preloading 0 native plugins for Editor in 0.00 ms.
Unloading 4426 Unused Serialized files (Serialized files now loaded: 0)
System memory in use before: 179.9 MB.
System memory in use after: 180.1 MB.

Unloading 16 unused Assets to reduce memory usage. Loaded Objects now: 5250.
Total: 3.161000 ms (FindLiveObjects: 0.424800 ms CreateObjectMapping: 0.285800 ms MarkObjects: 2.346200 ms  DeleteObjects: 0.103100 ms)

========================================================================
Received Prepare
Registering precompiled user dll's ...
Registered in 0.002511 seconds.
Begin MonoManager ReloadAssembly
Symbol file LoadedFromMemory doesn't match image C:\Users\Shiinx\Desktop\Game\Lab\Lab2\Library\PackageCache\com.unity.visualscripting@1.6.1\Editor\VisualScripting.Core\Dependencies\YamlDotNet\Unity.VisualScripting.YamlDotNet.dll
Symbol file LoadedFromMemory doesn't match image C:\Users\Shiinx\Desktop\Game\Lab\Lab2\Library\PackageCache\com.unity.visualscripting@1.6.1\Editor\VisualScripting.Core\Dependencies\DotNetZip\Unity.VisualScripting.IonicZip.dll
Native extension for WindowsStandalone target not found
Refreshing native plugins compatible for Editor in 0.75 ms, found 2 plugins.
Preloading 0 native plugins for Editor in 0.00 ms.
Mono: successfully reloaded assembly
- Completed reload, in  0.969 seconds
Platform modules already initialized, skipping
Shader 'Universal Render Pipeline/Particles/Lit': fallback shader 'Universal Render Pipeline/Particles/SimpleLit' not found
Refreshing native plugins compatible for Editor in 0.81 ms, found 2 plugins.
Preloading 0 native plugins for Editor in 0.00 ms.
Unloading 4426 Unused Serialized files (Serialized files now loaded: 0)
System memory in use before: 180.0 MB.
System memory in use after: 180.1 MB.

Unloading 16 unused Assets to reduce memory usage. Loaded Objects now: 5254.
Total: 3.328400 ms (FindLiveObjects: 0.434200 ms CreateObjectMapping: 0.254100 ms MarkObjects: 2.492700 ms  DeleteObjects: 0.146600 ms)

========================================================================
Received Prepare
Registering precompiled user dll's ...
Registered in 0.002323 seconds.
Begin MonoManager ReloadAssembly
Symbol file LoadedFromMemory doesn't match image C:\Users\Shiinx\Desktop\Game\Lab\Lab2\Library\PackageCache\com.unity.visualscripting@1.6.1\Editor\VisualScripting.Core\Dependencies\YamlDotNet\Unity.VisualScripting.YamlDotNet.dll
Symbol file LoadedFromMemory doesn't match image C:\Users\Shiinx\Desktop\Game\Lab\Lab2\Library\PackageCache\com.unity.visualscripting@1.6.1\Editor\VisualScripting.Core\Dependencies\DotNetZip\Unity.VisualScripting.IonicZip.dll
Native extension for WindowsStandalone target not found
Refreshing native plugins compatible for Editor in 0.82 ms, found 2 plugins.
Preloading 0 native plugins for Editor in 0.00 ms.
Mono: successfully reloaded assembly
- Completed reload, in  0.962 seconds
Platform modules already initialized, skipping
Shader 'Universal Render Pipeline/Particles/Lit': fallback shader 'Universal Render Pipeline/Particles/SimpleLit' not found
Refreshing native plugins compatible for Editor in 0.79 ms, found 2 plugins.
Preloading 0 native plugins for Editor in 0.00 ms.
Unloading 4426 Unused Serialized files (Serialized files now loaded: 0)
System memory in use before: 179.9 MB.
System memory in use after: 180.0 MB.

Unloading 16 unused Assets to reduce memory usage. Loaded Objects now: 5258.
Total: 3.960600 ms (FindLiveObjects: 0.503100 ms CreateObjectMapping: 0.220100 ms MarkObjects: 3.074300 ms  DeleteObjects: 0.161700 ms)

========================================================================
Received Import Request.
  Time since last request: 1294.548587 seconds.
  path: Assets/Materials/skill-foreground.mat
  artifactKey: Guid(01a9499d4b6ef404fac042e6bdac3c7d) Importer(815301076,1909f56bfc062723c751e8b465ee728b)
Start importing Assets/Materials/skill-foreground.mat using Guid(01a9499d4b6ef404fac042e6bdac3c7d) Importer(815301076,1909f56bfc062723c751e8b465ee728b)  -> (artifact id: '2228eec35cbad667a51b944c89032d36') in 0.164809 seconds 
========================================================================
Received Import Request.
  Time since last request: 1777.616256 seconds.
  path: Assets/Prefabs/Bushes.prefab
  artifactKey: Guid(e1180f4a257f63f40b6c7f78ac18906b) Importer(815301076,1909f56bfc062723c751e8b465ee728b)
Start importing Assets/Prefabs/Bushes.prefab using Guid(e1180f4a257f63f40b6c7f78ac18906b) Importer(815301076,1909f56bfc062723c751e8b465ee728b)  -> (artifact id: '24e2599ac5ad0a28fe214f5063157ab3') in 0.039708 seconds 
========================================================================
Received Import Request.
  Time since last request: 21.960762 seconds.
  path: Assets/Prefabs/Hill.prefab
  artifactKey: Guid(10aff7a9969897944917707eaed6e7ec) Importer(815301076,1909f56bfc062723c751e8b465ee728b)
Start importing Assets/Prefabs/Hill.prefab using Guid(10aff7a9969897944917707eaed6e7ec) Importer(815301076,1909f56bfc062723c751e8b465ee728b)  -> (artifact id: '3c7739a5da19f7df66a1149753454b7c') in 0.022007 seconds 
========================================================================
Received Prepare
Registering precompiled user dll's ...
Registered in 0.002874 seconds.
Begin MonoManager ReloadAssembly
Symbol file LoadedFromMemory doesn't match image C:\Users\Shiinx\Desktop\Game\Lab\Lab2\Library\PackageCache\com.unity.visualscripting@1.6.1\Editor\VisualScripting.Core\Dependencies\YamlDotNet\Unity.VisualScripting.YamlDotNet.dll
Symbol file LoadedFromMemory doesn't match image C:\Users\Shiinx\Desktop\Game\Lab\Lab2\Library\PackageCache\com.unity.visualscripting@1.6.1\Editor\VisualScripting.Core\Dependencies\DotNetZip\Unity.VisualScripting.IonicZip.dll
Native extension for WindowsStandalone target not found
Refreshing native plugins compatible for Editor in 0.88 ms, found 2 plugins.
Preloading 0 native plugins for Editor in 0.00 ms.
Mono: successfully reloaded assembly
- Completed reload, in  1.008 seconds
Platform modules already initialized, skipping
Shader 'Universal Render Pipeline/Particles/Lit': fallback shader 'Universal Render Pipeline/Particles/SimpleLit' not found
Refreshing native plugins compatible for Editor in 0.81 ms, found 2 plugins.
Preloading 0 native plugins for Editor in 0.00 ms.
Unloading 4426 Unused Serialized files (Serialized files now loaded: 0)
System memory in use before: 180.3 MB.
System memory in use after: 180.4 MB.

Unloading 16 unused Assets to reduce memory usage. Loaded Objects now: 5333.
Total: 3.447100 ms (FindLiveObjects: 0.462100 ms CreateObjectMapping: 0.290400 ms MarkObjects: 2.536500 ms  DeleteObjects: 0.157000 ms)

========================================================================
Received Import Request.
  Time since last request: 325.820623 seconds.
  path: Assets/Prefabs/BiggerHill Variant.prefab
  artifactKey: Guid(78e319b59d980dc4193455dab9d80022) Importer(815301076,1909f56bfc062723c751e8b465ee728b)
Start importing Assets/Prefabs/BiggerHill Variant.prefab using Guid(78e319b59d980dc4193455dab9d80022) Importer(815301076,1909f56bfc062723c751e8b465ee728b)  -> (artifact id: 'c3176ed6928aef2c1f11186842b49cff') in 0.140070 seconds 
========================================================================
Received Import Request.
  Time since last request: 6.684508 seconds.
  path: Assets/Prefabs/Brick.prefab
  artifactKey: Guid(25f04e2ed421a5a45b80dc10ce885465) Importer(815301076,1909f56bfc062723c751e8b465ee728b)
Start importing Assets/Prefabs/Brick.prefab using Guid(25f04e2ed421a5a45b80dc10ce885465) Importer(815301076,1909f56bfc062723c751e8b465ee728b)  -> (artifact id: '6294b7e2cf830a4874422f1df2e72e86') in 0.015972 seconds 
========================================================================
Received Import Request.
  Time since last request: 10.821199 seconds.
  path: Assets/Prefabs/BiggerHill.prefab
  artifactKey: Guid(78e319b59d980dc4193455dab9d80022) Importer(815301076,1909f56bfc062723c751e8b465ee728b)
Start importing Assets/Prefabs/BiggerHill.prefab using Guid(78e319b59d980dc4193455dab9d80022) Importer(815301076,1909f56bfc062723c751e8b465ee728b)  -> (artifact id: 'ec8ddb522a5b9dca82d83880dcd02828') in 0.021547 seconds 
========================================================================
Received Import Request.
  Time since last request: 130.241762 seconds.
  path: ProjectSettings/TagManager.asset
  artifactKey: Guid(00000000000000003000000000000000) Importer(815301076,1909f56bfc062723c751e8b465ee728b)
Start importing ProjectSettings/TagManager.asset using Guid(00000000000000003000000000000000) Importer(815301076,1909f56bfc062723c751e8b465ee728b)  -> (artifact id: 'babff16f753f2c0f2840ccc124731419') in 0.011324 seconds 
========================================================================
Received Prepare
Shader 'Universal Render Pipeline/Particles/Lit': fallback shader 'Universal Render Pipeline/Particles/SimpleLit' not found
Refreshing native plugins compatible for Editor in 2.55 ms, found 2 plugins.
Preloading 0 native plugins for Editor in 0.00 ms.
Unloading 14 Unused Serialized files (Serialized files now loaded: 0)
System memory in use before: 93.4 MB.
System memory in use after: 93.5 MB.

Unloading 15 unused Assets to reduce memory usage. Loaded Objects now: 5391.
Total: 4.334400 ms (FindLiveObjects: 0.502800 ms CreateObjectMapping: 0.354700 ms MarkObjects: 3.324500 ms  DeleteObjects: 0.151100 ms)

========================================================================
Received Prepare
Registering precompiled user dll's ...
Registered in 0.002513 seconds.
Begin MonoManager ReloadAssembly
Symbol file LoadedFromMemory doesn't match image C:\Users\Shiinx\Desktop\Game\Lab\Lab2\Library\PackageCache\com.unity.visualscripting@1.6.1\Editor\VisualScripting.Core\Dependencies\YamlDotNet\Unity.VisualScripting.YamlDotNet.dll
Symbol file LoadedFromMemory doesn't match image C:\Users\Shiinx\Desktop\Game\Lab\Lab2\Library\PackageCache\com.unity.visualscripting@1.6.1\Editor\VisualScripting.Core\Dependencies\DotNetZip\Unity.VisualScripting.IonicZip.dll
Native extension for WindowsStandalone target not found
Refreshing native plugins compatible for Editor in 0.94 ms, found 2 plugins.
Preloading 0 native plugins for Editor in 0.00 ms.
Mono: successfully reloaded assembly
- Completed reload, in  1.086 seconds
Platform modules already initialized, skipping
Shader 'Universal Render Pipeline/Particles/Lit': fallback shader 'Universal Render Pipeline/Particles/SimpleLit' not found
Refreshing native plugins compatible for Editor in 0.84 ms, found 2 plugins.
Preloading 0 native plugins for Editor in 0.00 ms.
Unloading 4426 Unused Serialized files (Serialized files now loaded: 0)
System memory in use before: 180.4 MB.
System memory in use after: 180.5 MB.

Unloading 16 unused Assets to reduce memory usage. Loaded Objects now: 5375.
Total: 3.644800 ms (FindLiveObjects: 0.520600 ms CreateObjectMapping: 0.324700 ms MarkObjects: 2.661500 ms  DeleteObjects: 0.136900 ms)

========================================================================
Received Prepare
Registering precompiled user dll's ...
Registered in 0.002329 seconds.
Begin MonoManager ReloadAssembly
Symbol file LoadedFromMemory doesn't match image C:\Users\Shiinx\Desktop\Game\Lab\Lab2\Library\PackageCache\com.unity.visualscripting@1.6.1\Editor\VisualScripting.Core\Dependencies\YamlDotNet\Unity.VisualScripting.YamlDotNet.dll
Symbol file LoadedFromMemory doesn't match image C:\Users\Shiinx\Desktop\Game\Lab\Lab2\Library\PackageCache\com.unity.visualscripting@1.6.1\Editor\VisualScripting.Core\Dependencies\DotNetZip\Unity.VisualScripting.IonicZip.dll
Native extension for WindowsStandalone target not found
Refreshing native plugins compatible for Editor in 0.82 ms, found 2 plugins.
Preloading 0 native plugins for Editor in 0.00 ms.
Mono: successfully reloaded assembly
- Completed reload, in  1.076 seconds
Platform modules already initialized, skipping
Shader 'Universal Render Pipeline/Particles/Lit': fallback shader 'Universal Render Pipeline/Particles/SimpleLit' not found
Refreshing native plugins compatible for Editor in 1.00 ms, found 2 plugins.
Preloading 0 native plugins for Editor in 0.00 ms.
Unloading 4426 Unused Serialized files (Serialized files now loaded: 0)
System memory in use before: 180.4 MB.
System memory in use after: 180.5 MB.

Unloading 16 unused Assets to reduce memory usage. Loaded Objects now: 5379.
Total: 3.726700 ms (FindLiveObjects: 0.506200 ms CreateObjectMapping: 0.349400 ms MarkObjects: 2.729600 ms  DeleteObjects: 0.140200 ms)

========================================================================
Received Prepare
Registering precompiled user dll's ...
Registered in 0.003432 seconds.
Begin MonoManager ReloadAssembly
Symbol file LoadedFromMemory doesn't match image C:\Users\Shiinx\Desktop\Game\Lab\Lab2\Library\PackageCache\com.unity.visualscripting@1.6.1\Editor\VisualScripting.Core\Dependencies\YamlDotNet\Unity.VisualScripting.YamlDotNet.dll
Symbol file LoadedFromMemory doesn't match image C:\Users\Shiinx\Desktop\Game\Lab\Lab2\Library\PackageCache\com.unity.visualscripting@1.6.1\Editor\VisualScripting.Core\Dependencies\DotNetZip\Unity.VisualScripting.IonicZip.dll
Native extension for WindowsStandalone target not found
Refreshing native plugins compatible for Editor in 0.79 ms, found 2 plugins.
Preloading 0 native plugins for Editor in 0.00 ms.
Mono: successfully reloaded assembly
- Completed reload, in  1.724 seconds
Platform modules already initialized, skipping
Shader 'Universal Render Pipeline/Particles/Lit': fallback shader 'Universal Render Pipeline/Particles/SimpleLit' not found
Refreshing native plugins compatible for Editor in 1.22 ms, found 2 plugins.
Preloading 0 native plugins for Editor in 0.00 ms.
Unloading 4426 Unused Serialized files (Serialized files now loaded: 0)
System memory in use before: 180.5 MB.
System memory in use after: 180.6 MB.

Unloading 16 unused Assets to reduce memory usage. Loaded Objects now: 5383.
Total: 6.079400 ms (FindLiveObjects: 0.600000 ms CreateObjectMapping: 0.459400 ms MarkObjects: 4.635500 ms  DeleteObjects: 0.382600 ms)

========================================================================
Received Prepare
Registering precompiled user dll's ...
Registered in 0.003064 seconds.
Begin MonoManager ReloadAssembly
Symbol file LoadedFromMemory doesn't match image C:\Users\Shiinx\Desktop\Game\Lab\Lab2\Library\PackageCache\com.unity.visualscripting@1.6.1\Editor\VisualScripting.Core\Dependencies\YamlDotNet\Unity.VisualScripting.YamlDotNet.dll
Symbol file LoadedFromMemory doesn't match image C:\Users\Shiinx\Desktop\Game\Lab\Lab2\Library\PackageCache\com.unity.visualscripting@1.6.1\Editor\VisualScripting.Core\Dependencies\DotNetZip\Unity.VisualScripting.IonicZip.dll
Native extension for WindowsStandalone target not found
Refreshing native plugins compatible for Editor in 1.27 ms, found 2 plugins.
Preloading 0 native plugins for Editor in 0.00 ms.
Mono: successfully reloaded assembly
- Completed reload, in  1.071 seconds
Platform modules already initialized, skipping
Shader 'Universal Render Pipeline/Particles/Lit': fallback shader 'Universal Render Pipeline/Particles/SimpleLit' not found
Refreshing native plugins compatible for Editor in 0.89 ms, found 2 plugins.
Preloading 0 native plugins for Editor in 0.00 ms.
Unloading 4426 Unused Serialized files (Serialized files now loaded: 0)
System memory in use before: 180.5 MB.
System memory in use after: 180.6 MB.

Unloading 16 unused Assets to reduce memory usage. Loaded Objects now: 5387.
Total: 3.685600 ms (FindLiveObjects: 0.528600 ms CreateObjectMapping: 0.245100 ms MarkObjects: 2.771300 ms  DeleteObjects: 0.139700 ms)

========================================================================
Received Prepare
Registering precompiled user dll's ...
Registered in 0.002855 seconds.
Begin MonoManager ReloadAssembly
Symbol file LoadedFromMemory doesn't match image C:\Users\Shiinx\Desktop\Game\Lab\Lab2\Library\PackageCache\com.unity.visualscripting@1.6.1\Editor\VisualScripting.Core\Dependencies\YamlDotNet\Unity.VisualScripting.YamlDotNet.dll
Symbol file LoadedFromMemory doesn't match image C:\Users\Shiinx\Desktop\Game\Lab\Lab2\Library\PackageCache\com.unity.visualscripting@1.6.1\Editor\VisualScripting.Core\Dependencies\DotNetZip\Unity.VisualScripting.IonicZip.dll
Native extension for WindowsStandalone target not found
Refreshing native plugins compatible for Editor in 0.80 ms, found 2 plugins.
Preloading 0 native plugins for Editor in 0.00 ms.
Mono: successfully reloaded assembly
- Completed reload, in  1.100 seconds
Platform modules already initialized, skipping
Shader 'Universal Render Pipeline/Particles/Lit': fallback shader 'Universal Render Pipeline/Particles/SimpleLit' not found
Refreshing native plugins compatible for Editor in 0.86 ms, found 2 plugins.
Preloading 0 native plugins for Editor in 0.00 ms.
Unloading 4426 Unused Serialized files (Serialized files now loaded: 0)
System memory in use before: 180.5 MB.
System memory in use after: 180.6 MB.

Unloading 16 unused Assets to reduce memory usage. Loaded Objects now: 5391.
Total: 3.647900 ms (FindLiveObjects: 0.493100 ms CreateObjectMapping: 0.360600 ms MarkObjects: 2.668000 ms  DeleteObjects: 0.124800 ms)

========================================================================
Received Prepare
Registering precompiled user dll's ...
Registered in 0.002383 seconds.
Begin MonoManager ReloadAssembly
Symbol file LoadedFromMemory doesn't match image C:\Users\Shiinx\Desktop\Game\Lab\Lab2\Library\PackageCache\com.unity.visualscripting@1.6.1\Editor\VisualScripting.Core\Dependencies\YamlDotNet\Unity.VisualScripting.YamlDotNet.dll
Symbol file LoadedFromMemory doesn't match image C:\Users\Shiinx\Desktop\Game\Lab\Lab2\Library\PackageCache\com.unity.visualscripting@1.6.1\Editor\VisualScripting.Core\Dependencies\DotNetZip\Unity.VisualScripting.IonicZip.dll
Native extension for WindowsStandalone target not found
Refreshing native plugins compatible for Editor in 1.29 ms, found 2 plugins.
Preloading 0 native plugins for Editor in 0.00 ms.
Mono: successfully reloaded assembly
- Completed reload, in  1.116 seconds
Platform modules already initialized, skipping
Shader 'Universal Render Pipeline/Particles/Lit': fallback shader 'Universal Render Pipeline/Particles/SimpleLit' not found
Refreshing native plugins compatible for Editor in 1.40 ms, found 2 plugins.
Preloading 0 native plugins for Editor in 0.00 ms.
Unloading 4426 Unused Serialized files (Serialized files now loaded: 0)
System memory in use before: 180.5 MB.
System memory in use after: 180.6 MB.

Unloading 16 unused Assets to reduce memory usage. Loaded Objects now: 5395.
Total: 3.536000 ms (FindLiveObjects: 0.481400 ms CreateObjectMapping: 0.359300 ms MarkObjects: 2.568100 ms  DeleteObjects: 0.126100 ms)

========================================================================
Received Prepare
Registering precompiled user dll's ...
Registered in 0.002433 seconds.
Begin MonoManager ReloadAssembly
Symbol file LoadedFromMemory doesn't match image C:\Users\Shiinx\Desktop\Game\Lab\Lab2\Library\PackageCache\com.unity.visualscripting@1.6.1\Editor\VisualScripting.Core\Dependencies\YamlDotNet\Unity.VisualScripting.YamlDotNet.dll
Symbol file LoadedFromMemory doesn't match image C:\Users\Shiinx\Desktop\Game\Lab\Lab2\Library\PackageCache\com.unity.visualscripting@1.6.1\Editor\VisualScripting.Core\Dependencies\DotNetZip\Unity.VisualScripting.IonicZip.dll
Native extension for WindowsStandalone target not found
Refreshing native plugins compatible for Editor in 1.25 ms, found 2 plugins.
Preloading 0 native plugins for Editor in 0.00 ms.
Mono: successfully reloaded assembly
- Completed reload, in  1.103 seconds
Platform modules already initialized, skipping
Shader 'Universal Render Pipeline/Particles/Lit': fallback shader 'Universal Render Pipeline/Particles/SimpleLit' not found
Refreshing native plugins compatible for Editor in 0.90 ms, found 2 plugins.
Preloading 0 native plugins for Editor in 0.00 ms.
Unloading 4426 Unused Serialized files (Serialized files now loaded: 0)
System memory in use before: 180.5 MB.
System memory in use after: 180.7 MB.

Unloading 16 unused Assets to reduce memory usage. Loaded Objects now: 5399.
Total: 3.524600 ms (FindLiveObjects: 0.515600 ms CreateObjectMapping: 0.270000 ms MarkObjects: 2.606800 ms  DeleteObjects: 0.131400 ms)

========================================================================
Received Prepare
Registering precompiled user dll's ...
Registered in 0.002610 seconds.
Begin MonoManager ReloadAssembly
Symbol file LoadedFromMemory doesn't match image C:\Users\Shiinx\Desktop\Game\Lab\Lab2\Library\PackageCache\com.unity.visualscripting@1.6.1\Editor\VisualScripting.Core\Dependencies\YamlDotNet\Unity.VisualScripting.YamlDotNet.dll
Symbol file LoadedFromMemory doesn't match image C:\Users\Shiinx\Desktop\Game\Lab\Lab2\Library\PackageCache\com.unity.visualscripting@1.6.1\Editor\VisualScripting.Core\Dependencies\DotNetZip\Unity.VisualScripting.IonicZip.dll
Native extension for WindowsStandalone target not found
Refreshing native plugins compatible for Editor in 0.78 ms, found 2 plugins.
Preloading 0 native plugins for Editor in 0.00 ms.
Mono: successfully reloaded assembly
- Completed reload, in  1.096 seconds
Platform modules already initialized, skipping
Shader 'Universal Render Pipeline/Particles/Lit': fallback shader 'Universal Render Pipeline/Particles/SimpleLit' not found
Refreshing native plugins compatible for Editor in 0.89 ms, found 2 plugins.
Preloading 0 native plugins for Editor in 0.00 ms.
Unloading 4426 Unused Serialized files (Serialized files now loaded: 0)
System memory in use before: 180.6 MB.
System memory in use after: 180.7 MB.

Unloading 16 unused Assets to reduce memory usage. Loaded Objects now: 5403.
Total: 5.320500 ms (FindLiveObjects: 0.663100 ms CreateObjectMapping: 0.396100 ms MarkObjects: 3.953600 ms  DeleteObjects: 0.305600 ms)

========================================================================
Received Prepare
Registering precompiled user dll's ...
Registered in 0.002854 seconds.
Begin MonoManager ReloadAssembly
Symbol file LoadedFromMemory doesn't match image C:\Users\Shiinx\Desktop\Game\Lab\Lab2\Library\PackageCache\com.unity.visualscripting@1.6.1\Editor\VisualScripting.Core\Dependencies\YamlDotNet\Unity.VisualScripting.YamlDotNet.dll
Symbol file LoadedFromMemory doesn't match image C:\Users\Shiinx\Desktop\Game\Lab\Lab2\Library\PackageCache\com.unity.visualscripting@1.6.1\Editor\VisualScripting.Core\Dependencies\DotNetZip\Unity.VisualScripting.IonicZip.dll
Native extension for WindowsStandalone target not found
Refreshing native plugins compatible for Editor in 0.82 ms, found 2 plugins.
Preloading 0 native plugins for Editor in 0.00 ms.
Mono: successfully reloaded assembly
- Completed reload, in  1.003 seconds
Platform modules already initialized, skipping
Shader 'Universal Render Pipeline/Particles/Lit': fallback shader 'Universal Render Pipeline/Particles/SimpleLit' not found
Refreshing native plugins compatible for Editor in 0.92 ms, found 2 plugins.
Preloading 0 native plugins for Editor in 0.00 ms.
Unloading 4426 Unused Serialized files (Serialized files now loaded: 0)
System memory in use before: 180.6 MB.
System memory in use after: 180.7 MB.

Unloading 16 unused Assets to reduce memory usage. Loaded Objects now: 5407.
Total: 3.503400 ms (FindLiveObjects: 0.443700 ms CreateObjectMapping: 0.389600 ms MarkObjects: 2.516800 ms  DeleteObjects: 0.152400 ms)

========================================================================
Received Prepare
Registering precompiled user dll's ...
Registered in 0.002367 seconds.
Begin MonoManager ReloadAssembly
Symbol file LoadedFromMemory doesn't match image C:\Users\Shiinx\Desktop\Game\Lab\Lab2\Library\PackageCache\com.unity.visualscripting@1.6.1\Editor\VisualScripting.Core\Dependencies\YamlDotNet\Unity.VisualScripting.YamlDotNet.dll
Symbol file LoadedFromMemory doesn't match image C:\Users\Shiinx\Desktop\Game\Lab\Lab2\Library\PackageCache\com.unity.visualscripting@1.6.1\Editor\VisualScripting.Core\Dependencies\DotNetZip\Unity.VisualScripting.IonicZip.dll
Native extension for WindowsStandalone target not found
Refreshing native plugins compatible for Editor in 0.93 ms, found 2 plugins.
Preloading 0 native plugins for Editor in 0.00 ms.
Mono: successfully reloaded assembly
- Completed reload, in  1.019 seconds
Platform modules already initialized, skipping
Shader 'Universal Render Pipeline/Particles/Lit': fallback shader 'Universal Render Pipeline/Particles/SimpleLit' not found
Refreshing native plugins compatible for Editor in 0.82 ms, found 2 plugins.
Preloading 0 native plugins for Editor in 0.00 ms.
Unloading 4426 Unused Serialized files (Serialized files now loaded: 0)
System memory in use before: 180.6 MB.
System memory in use after: 180.7 MB.

Unloading 16 unused Assets to reduce memory usage. Loaded Objects now: 5411.
Total: 3.742200 ms (FindLiveObjects: 0.474300 ms CreateObjectMapping: 0.369400 ms MarkObjects: 2.728800 ms  DeleteObjects: 0.168600 ms)

========================================================================
Received Prepare
Shader 'Universal Render Pipeline/Particles/Lit': fallback shader 'Universal Render Pipeline/Particles/SimpleLit' not found
Refreshing native plugins compatible for Editor in 2.50 ms, found 2 plugins.
Preloading 0 native plugins for Editor in 0.00 ms.
Unloading 14 Unused Serialized files (Serialized files now loaded: 0)
System memory in use before: 93.3 MB.
System memory in use after: 93.4 MB.

Unloading 14 unused Assets to reduce memory usage. Loaded Objects now: 5411.
Total: 3.500500 ms (FindLiveObjects: 0.581600 ms CreateObjectMapping: 0.445000 ms MarkObjects: 2.345600 ms  DeleteObjects: 0.127600 ms)

========================================================================
Received Prepare
Shader 'Universal Render Pipeline/Particles/Lit': fallback shader 'Universal Render Pipeline/Particles/SimpleLit' not found
Refreshing native plugins compatible for Editor in 2.58 ms, found 2 plugins.
Preloading 0 native plugins for Editor in 0.00 ms.
Unloading 14 Unused Serialized files (Serialized files now loaded: 0)
System memory in use before: 93.3 MB.
System memory in use after: 93.5 MB.

Unloading 14 unused Assets to reduce memory usage. Loaded Objects now: 5411.
Total: 3.620600 ms (FindLiveObjects: 0.463500 ms CreateObjectMapping: 0.326500 ms MarkObjects: 2.707000 ms  DeleteObjects: 0.122900 ms)

========================================================================
Received Prepare
Shader 'Universal Render Pipeline/Particles/Lit': fallback shader 'Universal Render Pipeline/Particles/SimpleLit' not found
Refreshing native plugins compatible for Editor in 2.50 ms, found 2 plugins.
Preloading 0 native plugins for Editor in 0.00 ms.
Unloading 14 Unused Serialized files (Serialized files now loaded: 0)
System memory in use before: 93.3 MB.
System memory in use after: 93.5 MB.

Unloading 14 unused Assets to reduce memory usage. Loaded Objects now: 5411.
Total: 3.467700 ms (FindLiveObjects: 0.542800 ms CreateObjectMapping: 0.356400 ms MarkObjects: 2.433300 ms  DeleteObjects: 0.133900 ms)

AssetImportWorkerClient::OnTransportError - code=2 error=End of file
